# JRE version: OpenJDK Runtime Environment (11.0.10) (build 11.0.10+0-b96-7249189)
# Java VM: OpenJDK 64-Bit Server VM (11.0.10+0-b96-7249189, mixed mode, tiered, compressed oops, g1 gc, windows-amd64)
Heap:
 garbage-first heap   total 233472K, used 158516K [0x0000000080000000, 0x0000000100000000)
  region size 1024K, 83 young (84992K), 8 survivors (8192K)
 Metaspace       used 81653K, capacity 83823K, committed 84044K, reserved 1122304K
  class space    used 10027K, capacity 10767K, committed 10828K, reserved 1048576K
GC Heap History (20 events):
Event: 87.338 GC heap before
{Heap before GC invocations=60 (full 0):
 garbage-first heap   total 233472K, used 201745K [0x0000000080000000, 0x0000000100000000)
  region size 1024K, 127 young (130048K), 2 survivors (2048K)
 Metaspace       used 66571K, capacity 68312K, committed 68428K, reserved 1110016K
  class space    used 8158K, capacity 8761K, committed 8780K, reserved 1048576K
}
Event: 87.342 GC heap after
{Heap after GC invocations=61 (full 0):
 garbage-first heap   total 233472K, used 74609K [0x0000000080000000, 0x0000000100000000)
  region size 1024K, 2 young (2048K), 2 survivors (2048K)
 Metaspace       used 66571K, capacity 68312K, committed 68428K, reserved 1110016K
  class space    used 8158K, capacity 8761K, committed 8780K, reserved 1048576K
}
Event: 87.812 GC heap before
{Heap before GC invocations=61 (full 0):
 garbage-first heap   total 233472K, used 203633K [0x0000000080000000, 0x0000000100000000)
  region size 1024K, 128 young (131072K), 2 survivors (2048K)
 Metaspace       used 66571K, capacity 68312K, committed 68428K, reserved 1110016K
  class space    used 8158K, capacity 8761K, committed 8780K, reserved 1048576K
}
Event: 87.816 GC heap after
{Heap after GC invocations=62 (full 0):
 garbage-first heap   total 233472K, used 75507K [0x0000000080000000, 0x0000000100000000)
  region size 1024K, 3 young (3072K), 3 survivors (3072K)
 Metaspace       used 66571K, capacity 68312K, committed 68428K, reserved 1110016K
  class space    used 8158K, capacity 8761K, committed 8780K, reserved 1048576K
}
Event: 88.263 GC heap before
{Heap before GC invocations=62 (full 0):
 garbage-first heap   total 233472K, used 203507K [0x0000000080000000, 0x0000000100000000)
  region size 1024K, 128 young (131072K), 3 survivors (3072K)
 Metaspace       used 66571K, capacity 68312K, committed 68428K, reserved 1110016K
  class space    used 8158K, capacity 8761K, committed 8780K, reserved 1048576K
}
Event: 88.268 GC heap after
{Heap after GC invocations=63 (full 0):
 garbage-first heap   total 233472K, used 76485K [0x0000000080000000, 0x0000000100000000)
  region size 1024K, 4 young (4096K), 4 survivors (4096K)
 Metaspace       used 66571K, capacity 68312K, committed 68428K, reserved 1110016K
  class space    used 8158K, capacity 8761K, committed 8780K, reserved 1048576K
}
Event: 90.156 GC heap before
{Heap before GC invocations=63 (full 0):
 garbage-first heap   total 233472K, used 204485K [0x0000000080000000, 0x0000000100000000)
  region size 1024K, 129 young (132096K), 4 survivors (4096K)
 Metaspace       used 66610K, capacity 68388K, committed 68428K, reserved 1110016K
  class space    used 8158K, capacity 8761K, committed 8780K, reserved 1048576K
}
Event: 90.160 GC heap after
{Heap after GC invocations=64 (full 0):
 garbage-first heap   total 233472K, used 72962K [0x0000000080000000, 0x0000000100000000)
  region size 1024K, 2 young (2048K), 2 survivors (2048K)
 Metaspace       used 66610K, capacity 68388K, committed 68428K, reserved 1110016K
  class space    used 8158K, capacity 8761K, committed 8780K, reserved 1048576K
}
Event: 90.761 GC heap before
{Heap before GC invocations=64 (full 0):
 garbage-first heap   total 233472K, used 203010K [0x0000000080000000, 0x0000000100000000)
  region size 1024K, 128 young (131072K), 2 survivors (2048K)
 Metaspace       used 66613K, capacity 68388K, committed 68428K, reserved 1110016K
  class space    used 8158K, capacity 8761K, committed 8780K, reserved 1048576K
}
Event: 90.763 GC heap after
{Heap after GC invocations=65 (full 0):
 garbage-first heap   total 233472K, used 72421K [0x0000000080000000, 0x0000000100000000)
  region size 1024K, 1 young (1024K), 1 survivors (1024K)
 Metaspace       used 66613K, capacity 68388K, committed 68428K, reserved 1110016K
  class space    used 8158K, capacity 8761K, committed 8780K, reserved 1048576K
}
Event: 91.607 GC heap before
{Heap before GC invocations=65 (full 0):
 garbage-first heap   total 233472K, used 202469K [0x0000000080000000, 0x0000000100000000)
  region size 1024K, 128 young (131072K), 1 survivors (1024K)
 Metaspace       used 66636K, capacity 68458K, committed 68684K, reserved 1110016K
  class space    used 8158K, capacity 8761K, committed 8780K, reserved 1048576K
}
Event: 91.608 GC heap after
{Heap after GC invocations=66 (full 0):
 garbage-first heap   total 233472K, used 71366K [0x0000000080000000, 0x0000000100000000)
  region size 1024K, 1 young (1024K), 1 survivors (1024K)
 Metaspace       used 66636K, capacity 68458K, committed 68684K, reserved 1110016K
  class space    used 8158K, capacity 8761K, committed 8780K, reserved 1048576K
}
Event: 92.343 GC heap before
{Heap before GC invocations=66 (full 0):
 garbage-first heap   total 233472K, used 202438K [0x0000000080000000, 0x0000000100000000)
  region size 1024K, 129 young (132096K), 1 survivors (1024K)
 Metaspace       used 66636K, capacity 68458K, committed 68684K, reserved 1110016K
  class space    used 8158K, capacity 8761K, committed 8780K, reserved 1048576K
}
Event: 92.345 GC heap after
{Heap after GC invocations=67 (full 0):
 garbage-first heap   total 233472K, used 71380K [0x0000000080000000, 0x0000000100000000)
  region size 1024K, 1 young (1024K), 1 survivors (1024K)
 Metaspace       used 66636K, capacity 68458K, committed 68684K, reserved 1110016K
  class space    used 8158K, capacity 8761K, committed 8780K, reserved 1048576K
}
Event: 93.305 GC heap before
{Heap before GC invocations=67 (full 0):
 garbage-first heap   total 233472K, used 205524K [0x0000000080000000, 0x0000000100000000)
  region size 1024K, 130 young (133120K), 1 survivors (1024K)
 Metaspace       used 66637K, capacity 68458K, committed 68684K, reserved 1110016K
  class space    used 8158K, capacity 8761K, committed 8780K, reserved 1048576K
}
Event: 93.306 GC heap after
{Heap after GC invocations=68 (full 0):
 garbage-first heap   total 233472K, used 73223K [0x0000000080000000, 0x0000000100000000)
  region size 1024K, 1 young (1024K), 1 survivors (1024K)
 Metaspace       used 66637K, capacity 68458K, committed 68684K, reserved 1110016K
  class space    used 8158K, capacity 8761K, committed 8780K, reserved 1048576K
}
Event: 93.847 GC heap before
{Heap before GC invocations=68 (full 0):
 garbage-first heap   total 233472K, used 204295K [0x0000000080000000, 0x0000000100000000)
  region size 1024K, 129 young (132096K), 1 survivors (1024K)
 Metaspace       used 66637K, capacity 68458K, committed 68684K, reserved 1110016K
  class space    used 8158K, capacity 8761K, committed 8780K, reserved 1048576K
}
Event: 93.852 GC heap after
{Heap after GC invocations=69 (full 0):
 garbage-first heap   total 233472K, used 74981K [0x0000000080000000, 0x0000000100000000)
  region size 1024K, 3 young (3072K), 3 survivors (3072K)
 Metaspace       used 66637K, capacity 68458K, committed 68684K, reserved 1110016K
  class space    used 8158K, capacity 8761K, committed 8780K, reserved 1048576K
}
Event: 96.153 GC heap before
{Heap before GC invocations=69 (full 0):
 garbage-first heap   total 233472K, used 208101K [0x0000000080000000, 0x0000000100000000)
  region size 1024K, 130 young (133120K), 3 survivors (3072K)
 Metaspace       used 74568K, capacity 76515K, committed 76748K, reserved 1116160K
  class space    used 9093K, capacity 9798K, committed 9932K, reserved 1048576K
}
Event: 96.161 GC heap after
{Heap after GC invocations=70 (full 0):
 garbage-first heap   total 233472K, used 82740K [0x0000000080000000, 0x0000000100000000)
  region size 1024K, 8 young (8192K), 8 survivors (8192K)
 Metaspace       used 74568K, capacity 76515K, committed 76748K, reserved 1116160K
  class space    used 9093K, capacity 9798K, committed 9932K, reserved 1048576K
}

